Using pre-set license
Built from '2020.3/release' branch; Version is '2020.3.2f1 (8fd9074bf66c) revision 9427207'; Using compiler version '192528614'; Build Type 'Release'
OS: 'Windows 10 Education; OS build 19041.1165; Version 2004; 64bit' Language: 'en' Physical Memory: 32716 MB
BatchMode: 1, IsHumanControllingUs: 0, StartBugReporterOnCrash: 0, Is64bit: 1, IsPro: 0

 COMMAND LINE ARGUMENTS:
C:\Program Files\Unity\Hub\Editor\2020.3.2f1\Editor\Unity.exe
-adb2
-batchMode
-noUpm
-name
AssetImportWorker0
-projectPath
D:/GitHub/GuCard/GuCard
-logFile
Logs/AssetImportWorker0.log
-srvPort
65450
Successfully changed project path to: D:/GitHub/GuCard/GuCard
D:/GitHub/GuCard/GuCard
Using Asset Import Pipeline V2.
Refreshing native plugins compatible for Editor in 48.12 ms, found 1 plugins.
Preloading 0 native plugins for Editor in 0.00 ms.
Initialize engine version: 2020.3.2f1 (8fd9074bf66c)
[Subsystems] Discovering subsystems at path C:/Program Files/Unity/Hub/Editor/2020.3.2f1/Editor/Data/Resources/UnitySubsystems
[Subsystems] Discovering subsystems at path D:/GitHub/GuCard/GuCard/Assets
GfxDevice: creating device client; threaded=0
Direct3D:
    Version:  Direct3D 11.0 [level 11.1]
    Renderer: NVIDIA GeForce GTX 1060 6GB (ID=0x1c03)
    Vendor:   
    VRAM:     6052 MB
    Driver:   27.21.14.6089
Initialize mono
Mono path[0] = 'C:/Program Files/Unity/Hub/Editor/2020.3.2f1/Editor/Data/Managed'
Mono path[1] = 'C:/Program Files/Unity/Hub/Editor/2020.3.2f1/Editor/Data/MonoBleedingEdge/lib/mono/unityjit'
Mono config path = 'C:/Program Files/Unity/Hub/Editor/2020.3.2f1/Editor/Data/MonoBleedingEdge/etc'
Using monoOptions --debugger-agent=transport=dt_socket,embedding=1,server=y,suspend=n,address=127.0.0.1:56544
Begin MonoManager ReloadAssembly
Registering precompiled unity dll's ...
Register platform support module: C:/Program Files/Unity/Hub/Editor/2020.3.2f1/Editor/Data/PlaybackEngines/WindowsStandaloneSupport/UnityEditor.WindowsStandalone.Extensions.dll
Registered in 0.002493 seconds.
Native extension for WindowsStandalone target not found
Refreshing native plugins compatible for Editor in 57.01 ms, found 1 plugins.
Preloading 0 native plugins for Editor in 0.00 ms.
Invoked RoslynAnalysisRunner static constructor.
RoslynAnalysisRunner will not be running.
RoslynAnalysisRunner has terminated.
Mono: successfully reloaded assembly
- Completed reload, in  1.332 seconds
Platform modules already initialized, skipping
Registering precompiled user dll's ...
Registered in 0.005108 seconds.
Begin MonoManager ReloadAssembly
Native extension for WindowsStandalone target not found
Refreshing native plugins compatible for Editor in 47.66 ms, found 1 plugins.
Preloading 0 native plugins for Editor in 0.00 ms.
Invoked RoslynAnalysisRunner static constructor.
RoslynAnalysisRunner will not be running.
RoslynAnalysisRunner has terminated.
[ScriptCompilation] NOT recompiling all scripts because this is an import worker process. Reason to compile was: Define symbols changed
Mono: successfully reloaded assembly
- Completed reload, in  1.635 seconds
Platform modules already initialized, skipping
========================================================================
Worker process is ready to serve import requests
Launched and connected shader compiler UnityShaderCompiler.exe after 0.08 seconds
Refreshing native plugins compatible for Editor in 1.35 ms, found 1 plugins.
Preloading 0 native plugins for Editor in 0.00 ms.
Unloading 1880 Unused Serialized files (Serialized files now loaded: 0)
System memory in use before: 91.0 MB.
System memory in use after: 91.1 MB.

Unloading 30 unused Assets to reduce memory usage. Loaded Objects now: 2383.
Total: 24.411500 ms (FindLiveObjects: 0.287800 ms CreateObjectMapping: 0.072400 ms MarkObjects: 23.930100 ms  DeleteObjects: 0.119200 ms)

========================================================================
Received Import Request.
  path: Assets/Resources/Prefabs/Cards
  artifactKey: Guid(5dfcc048373159f46a9821ea1f2d1fbe) Importer(815301076,1909f56bfc062723c751e8b465ee728b)
Start importing Assets/Resources/Prefabs/Cards using Guid(5dfcc048373159f46a9821ea1f2d1fbe) Importer(815301076,1909f56bfc062723c751e8b465ee728b)  -> (artifact id: '569f6ab474ef1999d29d79fe57aea9ce') in 0.005559 seconds
  Import took 0.009713 seconds .

========================================================================
Received Import Request.
  Time since last request: 6.811784 seconds.
  path: Assets/Resources/Prefabs/Cards
  artifactKey: Guid(5dfcc048373159f46a9821ea1f2d1fbe) Importer(815301076,1909f56bfc062723c751e8b465ee728b)
Start importing Assets/Resources/Prefabs/Cards using Guid(5dfcc048373159f46a9821ea1f2d1fbe) Importer(815301076,1909f56bfc062723c751e8b465ee728b)  -> (artifact id: '569f6ab474ef1999d29d79fe57aea9ce') in 0.002340 seconds
  Import took 0.007482 seconds .

========================================================================
Received Prepare
Registering precompiled user dll's ...
Registered in 0.004832 seconds.
Begin MonoManager ReloadAssembly
Native extension for WindowsStandalone target not found
Refreshing native plugins compatible for Editor in 0.68 ms, found 1 plugins.
Preloading 0 native plugins for Editor in 0.00 ms.
Invoked RoslynAnalysisRunner static constructor.
RoslynAnalysisRunner will not be running.
RoslynAnalysisRunner has terminated.
[ScriptCompilation] NOT recompiling all scripts because this is an import worker process. Reason to compile was: Define symbols changed
Mono: successfully reloaded assembly
- Completed reload, in  1.513 seconds
Platform modules already initialized, skipping
Refreshing native plugins compatible for Editor in 0.58 ms, found 1 plugins.
Preloading 0 native plugins for Editor in 0.00 ms.
Unloading 1858 Unused Serialized files (Serialized files now loaded: 0)
System memory in use before: 89.4 MB.
System memory in use after: 89.5 MB.

Unloading 19 unused Assets to reduce memory usage. Loaded Objects now: 2386.
Total: 25.381100 ms (FindLiveObjects: 0.280700 ms CreateObjectMapping: 0.058800 ms MarkObjects: 24.988000 ms  DeleteObjects: 0.050800 ms)

========================================================================
Received Import Request.
  Time since last request: 308.411660 seconds.
  path: Assets/Resources/Sprites/Cards/Tex_2001.png
  artifactKey: Guid(34da902b111dee84b969d57e05c4c9cc) Importer(815301076,1909f56bfc062723c751e8b465ee728b)
Start importing Assets/Resources/Sprites/Cards/Tex_2001.png using Guid(34da902b111dee84b969d57e05c4c9cc) Importer(815301076,1909f56bfc062723c751e8b465ee728b)  -> (artifact id: '7d2dde30bf99664c05d6afdfde88eee7') in 0.308422 seconds
  Import took 0.312246 seconds .

========================================================================
Received Import Request.
  Time since last request: 0.000284 seconds.
  path: Assets/Resources/Sprites/Cards/UI1_01.png
  artifactKey: Guid(e7c967654aadc0045878bf07935f2d3c) Importer(815301076,1909f56bfc062723c751e8b465ee728b)
Start importing Assets/Resources/Sprites/Cards/UI1_01.png using Guid(e7c967654aadc0045878bf07935f2d3c) Importer(815301076,1909f56bfc062723c751e8b465ee728b)  -> (artifact id: 'c8ba7cecd0834c4a5c562bd65ba75876') in 0.010402 seconds
  Import took 0.013618 seconds .

========================================================================
Received Import Request.
  Time since last request: 0.000284 seconds.
  path: Assets/Resources/Sprites/Cards/Tex_2001.png
  artifactKey: Guid(34da902b111dee84b969d57e05c4c9cc) Importer(815301076,1909f56bfc062723c751e8b465ee728b)
Start importing Assets/Resources/Sprites/Cards/Tex_2001.png using Guid(34da902b111dee84b969d57e05c4c9cc) Importer(815301076,1909f56bfc062723c751e8b465ee728b)  -> (artifact id: '7d2dde30bf99664c05d6afdfde88eee7') in 0.166573 seconds
  Import took 0.170731 seconds .

========================================================================
Received Import Request.
  Time since last request: 0.000327 seconds.
  path: Assets/Resources/Sprites/Cards/Tex_2003.png
  artifactKey: Guid(8878ae91ddc24294eb7c33ecdaa9c9b8) Importer(815301076,1909f56bfc062723c751e8b465ee728b)
Start importing Assets/Resources/Sprites/Cards/Tex_2003.png using Guid(8878ae91ddc24294eb7c33ecdaa9c9b8) Importer(815301076,1909f56bfc062723c751e8b465ee728b)  -> (artifact id: 'e3606a6d32db9d729e721e5fd94d85e6') in 0.158138 seconds
  Import took 0.162349 seconds .

========================================================================
Received Import Request.
  Time since last request: 0.000568 seconds.
  path: Assets/Resources/Sprites/Cards/Tex_2003.png
  artifactKey: Guid(8878ae91ddc24294eb7c33ecdaa9c9b8) Importer(815301076,1909f56bfc062723c751e8b465ee728b)
Start importing Assets/Resources/Sprites/Cards/Tex_2003.png using Guid(8878ae91ddc24294eb7c33ecdaa9c9b8) Importer(815301076,1909f56bfc062723c751e8b465ee728b)  -> (artifact id: 'e3606a6d32db9d729e721e5fd94d85e6') in 0.161222 seconds
  Import took 0.165059 seconds .

========================================================================
Received Import Request.
  Time since last request: 19.899342 seconds.
  path: Assets/Resources/Sprites/Cards
  artifactKey: Guid(3a871d0631f9fc34b9d85e46f1b71048) Importer(815301076,1909f56bfc062723c751e8b465ee728b)
Start importing Assets/Resources/Sprites/Cards using Guid(3a871d0631f9fc34b9d85e46f1b71048) Importer(815301076,1909f56bfc062723c751e8b465ee728b)  -> (artifact id: '2ae43b10095b3bdd57ea2ce63d16e92e') in 0.001450 seconds
  Import took 0.004617 seconds .

